<?xml version="1.0" encoding="UTF-8"?>
<robot generator="Robot 6.0.2 (Python 3.7.4 on win32)" generated="20230119 15:28:29.730" rpa="false" schemaversion="3">
<suite id="s1" name="First" source="C:\Users\ayush.bhardwaj\PycharmProjects\robotFramework\first.robot">
<test id="s1-t1" name="Login with username" line="8">
<kw name="Open Browser" library="SeleniumLibrary">
<arg>${url}</arg>
<arg>edge</arg>
<doc>Opens a new browser instance to the optional ``url``.</doc>
<msg timestamp="20230119 15:28:30.235" level="INFO">Opening browser 'edge' to base url 'https://www.saucedemo.com/'.</msg>
<status status="PASS" starttime="20230119 15:28:30.235" endtime="20230119 15:28:32.324"/>
</kw>
<kw name="Maximize Browser Window" library="SeleniumLibrary">
<doc>Maximizes current browser window.</doc>
<status status="PASS" starttime="20230119 15:28:32.325" endtime="20230119 15:28:32.456"/>
</kw>
<kw name="Input Text" library="SeleniumLibrary">
<arg>id=user-name</arg>
<arg>ayush</arg>
<doc>Types the given ``text`` into the text field identified by ``locator``.</doc>
<msg timestamp="20230119 15:28:32.458" level="INFO">Typing text 'ayush' into text field 'id=user-name'.</msg>
<status status="PASS" starttime="20230119 15:28:32.456" endtime="20230119 15:28:32.554"/>
</kw>
<kw name="Log" library="BuiltIn">
<arg>${var1}</arg>
<doc>Logs the given message with the given level.</doc>
<msg timestamp="20230119 15:28:32.554" level="INFO">variable1</msg>
<status status="PASS" starttime="20230119 15:28:32.554" endtime="20230119 15:28:32.554"/>
</kw>
<kw name="Sleep" library="BuiltIn">
<arg>4s</arg>
<doc>Pauses the test executed for the given time.</doc>
<msg timestamp="20230119 15:28:36.558" level="INFO">Slept 4 seconds</msg>
<status status="PASS" starttime="20230119 15:28:32.555" endtime="20230119 15:28:36.558"/>
</kw>
<kw name="Close Browser" library="SeleniumLibrary">
<doc>Closes the current browser.</doc>
<status status="PASS" starttime="20230119 15:28:36.558" endtime="20230119 15:28:38.788"/>
</kw>
<status status="PASS" starttime="20230119 15:28:30.234" endtime="20230119 15:28:38.789"/>
</test>
<test id="s1-t2" name="Login with surname" line="16">
<kw name="Open Browser" library="SeleniumLibrary">
<arg>${url}</arg>
<arg>edge</arg>
<doc>Opens a new browser instance to the optional ``url``.</doc>
<msg timestamp="20230119 15:28:38.791" level="INFO">Opening browser 'edge' to base url 'https://www.saucedemo.com/'.</msg>
<status status="PASS" starttime="20230119 15:28:38.791" endtime="20230119 15:28:40.802"/>
</kw>
<kw name="Maximize Browser Window" library="SeleniumLibrary">
<doc>Maximizes current browser window.</doc>
<status status="PASS" starttime="20230119 15:28:40.803" endtime="20230119 15:28:40.927"/>
</kw>
<kw name="Input Text" library="SeleniumLibrary">
<arg>id=user-name</arg>
<arg>bhardwaj</arg>
<doc>Types the given ``text`` into the text field identified by ``locator``.</doc>
<msg timestamp="20230119 15:28:40.929" level="INFO">Typing text 'bhardwaj' into text field 'id=user-name'.</msg>
<status status="PASS" starttime="20230119 15:28:40.928" endtime="20230119 15:28:41.034"/>
</kw>
<kw name="Sleep" library="BuiltIn">
<arg>3s</arg>
<doc>Pauses the test executed for the given time.</doc>
<msg timestamp="20230119 15:28:44.037" level="INFO">Slept 3 seconds</msg>
<status status="PASS" starttime="20230119 15:28:41.034" endtime="20230119 15:28:44.037"/>
</kw>
<kw name="Close Browser" library="SeleniumLibrary">
<doc>Closes the current browser.</doc>
<status status="PASS" starttime="20230119 15:28:44.038" endtime="20230119 15:28:46.358"/>
</kw>
<status status="PASS" starttime="20230119 15:28:38.790" endtime="20230119 15:28:46.359"/>
</test>
<status status="PASS" starttime="20230119 15:28:29.733" endtime="20230119 15:28:46.361"/>
</suite>
<statistics>
<total>
<stat pass="2" fail="0" skip="0">All Tests</stat>
</total>
<tag>
</tag>
<suite>
<stat pass="2" fail="0" skip="0" id="s1" name="First">First</stat>
</suite>
</statistics>
<errors>
</errors>
</robot>
