<?xml version="1.0" encoding="UTF-8"?>
<robot generator="Robot 6.0.2 (Python 3.7.4 on win32)" generated="20230119 15:11:21.931" rpa="false" schemaversion="3">
<suite id="s1" name="First" source="C:\Users\ayush.bhardwaj\PycharmProjects\robotFramework\first.robot">
<test id="s1-t1" name="Login with username" line="8">
<kw name="Open Browser" library="SeleniumLibrary">
<arg>${url}</arg>
<arg>edge</arg>
<doc>Opens a new browser instance to the optional ``url``.</doc>
<msg timestamp="20230119 15:11:22.425" level="INFO">Opening browser 'edge' to base url 'https://www.saucedemo.com/'.</msg>
<status status="PASS" starttime="20230119 15:11:22.424" endtime="20230119 15:11:24.939"/>
</kw>
<kw name="Maximize Browser Window" library="SeleniumLibrary">
<doc>Maximizes current browser window.</doc>
<status status="PASS" starttime="20230119 15:11:24.940" endtime="20230119 15:11:25.065"/>
</kw>
<kw name="Input Text" library="SeleniumLibrary">
<arg>id=user-name</arg>
<arg>ayush</arg>
<doc>Types the given ``text`` into the text field identified by ``locator``.</doc>
<msg timestamp="20230119 15:11:25.066" level="INFO">Typing text 'ayush' into text field 'id=user-name'.</msg>
<status status="PASS" starttime="20230119 15:11:25.065" endtime="20230119 15:11:25.145"/>
</kw>
<kw name="Log" library="BuiltIn">
<arg>${var1}</arg>
<doc>Logs the given message with the given level.</doc>
<msg timestamp="20230119 15:11:25.145" level="INFO">variable1</msg>
<status status="PASS" starttime="20230119 15:11:25.145" endtime="20230119 15:11:25.145"/>
</kw>
<kw name="Sleep" library="BuiltIn">
<arg>4s</arg>
<doc>Pauses the test executed for the given time.</doc>
<msg timestamp="20230119 15:11:29.154" level="INFO">Slept 4 seconds</msg>
<status status="PASS" starttime="20230119 15:11:25.146" endtime="20230119 15:11:29.154"/>
</kw>
<kw name="Close Browser" library="SeleniumLibrary">
<doc>Closes the current browser.</doc>
<status status="PASS" starttime="20230119 15:11:29.155" endtime="20230119 15:11:31.372"/>
</kw>
<status status="PASS" starttime="20230119 15:11:22.424" endtime="20230119 15:11:31.374"/>
</test>
<test id="s1-t2" name="Login with surname" line="16">
<kw name="Open Browser" library="SeleniumLibrary">
<arg>${url}</arg>
<arg>edge</arg>
<doc>Opens a new browser instance to the optional ``url``.</doc>
<msg timestamp="20230119 15:11:31.379" level="INFO">Opening browser 'edge' to base url 'https://www.saucedemo.com/'.</msg>
<status status="PASS" starttime="20230119 15:11:31.378" endtime="20230119 15:11:33.227"/>
</kw>
<kw name="Maximize Browser Window" library="SeleniumLibrary">
<doc>Maximizes current browser window.</doc>
<status status="PASS" starttime="20230119 15:11:33.228" endtime="20230119 15:11:33.343"/>
</kw>
<kw name="Input Text" library="SeleniumLibrary">
<arg>id=user-name</arg>
<arg>bhardwaj</arg>
<doc>Types the given ``text`` into the text field identified by ``locator``.</doc>
<msg timestamp="20230119 15:11:33.344" level="INFO">Typing text 'bhardwaj' into text field 'id=user-name'.</msg>
<status status="PASS" starttime="20230119 15:11:33.343" endtime="20230119 15:11:33.421"/>
</kw>
<kw name="Sleep" library="BuiltIn">
<arg>3s</arg>
<doc>Pauses the test executed for the given time.</doc>
<msg timestamp="20230119 15:11:36.424" level="INFO">Slept 3 seconds</msg>
<status status="PASS" starttime="20230119 15:11:33.422" endtime="20230119 15:11:36.424"/>
</kw>
<kw name="Close Browser" library="SeleniumLibrary">
<doc>Closes the current browser.</doc>
<status status="PASS" starttime="20230119 15:11:36.425" endtime="20230119 15:11:38.628"/>
</kw>
<status status="PASS" starttime="20230119 15:11:31.377" endtime="20230119 15:11:38.629"/>
</test>
<status status="PASS" starttime="20230119 15:11:21.933" endtime="20230119 15:11:38.630"/>
</suite>
<statistics>
<total>
<stat pass="2" fail="0" skip="0">All Tests</stat>
</total>
<tag>
</tag>
<suite>
<stat pass="2" fail="0" skip="0" id="s1" name="First">First</stat>
</suite>
</statistics>
<errors>
</errors>
</robot>
